# JRE version: OpenJDK Runtime Environment Temurin-21.0.8+9 (21.0.8+9) (build 21.0.8+9-LTS)
# Java VM: OpenJDK 64-Bit Server VM Temurin-21.0.8+9 (21.0.8+9-LTS, mixed mode, sharing, tiered, compressed oops, compressed class ptrs, parallel gc, windows-amd64)
GC Precious Log:
 CardTable entry size: 512
 CPUs: 12 total, 12 available
 Memory: 5996M
 Large Page Support: Disabled
 NUMA Support: Disabled
 Compressed Oops: Enabled (32-bit)
 Alignments: Space 512K, Generation 512K, Heap 2M
 Heap Min Capacity: 100M
 Heap Initial Capacity: 100M
 Heap Max Capacity: 2G
 Pre-touch: Disabled
 Parallel Workers: 10
Heap:
 PSYoungGen      total 19456K, used 11185K [0x00000000d5580000, 0x00000000d6a80000, 0x0000000100000000)
  eden space 17408K, 53% used [0x00000000d5580000,0x00000000d5e9e3b8,0x00000000d6680000)
  from space 2048K, 90% used [0x00000000d6680000,0x00000000d684e200,0x00000000d6880000)
  to   space 2048K, 0% used [0x00000000d6880000,0x00000000d6880000,0x00000000d6a80000)
 ParOldGen       total 68608K, used 46878K [0x0000000080000000, 0x0000000084300000, 0x00000000d5580000)
  object space 68608K, 68% used [0x0000000080000000,0x0000000082dc7830,0x0000000084300000)
 Metaspace       used 49784K, committed 51200K, reserved 1114112K
  class space    used 5411K, committed 6016K, reserved 1048576K
GC Heap History (20 events):
Event: 5.919 GC heap before
{Heap before GC invocations=22 (full 2):
 PSYoungGen      total 18944K, used 18527K [0x00000000d5580000, 0x00000000d6d00000, 0x0000000100000000)
  eden space 17408K, 99% used [0x00000000d5580000,0x00000000d667fff0,0x00000000d6680000)
  from space 1536K, 72% used [0x00000000d6a00000,0x00000000d6b18000,0x00000000d6b80000)
  to   space 1536K, 0% used [0x00000000d6b80000,0x00000000d6b80000,0x00000000d6d00000)
 ParOldGen       total 68608K, used 33354K [0x0000000080000000, 0x0000000084300000, 0x00000000d5580000)
  object space 68608K, 48% used [0x0000000080000000,0x0000000082092ab0,0x0000000084300000)
 Metaspace       used 46822K, committed 48064K, reserved 1114112K
  class space    used 5107K, committed 5632K, reserved 1048576K
}
Event: 5.920 GC heap after
{Heap after GC invocations=22 (full 2):
 PSYoungGen      total 18432K, used 672K [0x00000000d5580000, 0x00000000d6c80000, 0x0000000100000000)
  eden space 17408K, 0% used [0x00000000d5580000,0x00000000d5580000,0x00000000d6680000)
  from space 1024K, 65% used [0x00000000d6b80000,0x00000000d6c28000,0x00000000d6c80000)
  to   space 1024K, 0% used [0x00000000d6a80000,0x00000000d6a80000,0x00000000d6b80000)
 ParOldGen       total 68608K, used 34266K [0x0000000080000000, 0x0000000084300000, 0x00000000d5580000)
  object space 68608K, 49% used [0x0000000080000000,0x0000000082176ab0,0x0000000084300000)
 Metaspace       used 46822K, committed 48064K, reserved 1114112K
  class space    used 5107K, committed 5632K, reserved 1048576K
}
Event: 6.150 GC heap before
{Heap before GC invocations=23 (full 2):
 PSYoungGen      total 18432K, used 18080K [0x00000000d5580000, 0x00000000d6c80000, 0x0000000100000000)
  eden space 17408K, 100% used [0x00000000d5580000,0x00000000d6680000,0x00000000d6680000)
  from space 1024K, 65% used [0x00000000d6b80000,0x00000000d6c28000,0x00000000d6c80000)
  to   space 1024K, 0% used [0x00000000d6a80000,0x00000000d6a80000,0x00000000d6b80000)
 ParOldGen       total 68608K, used 34266K [0x0000000080000000, 0x0000000084300000, 0x00000000d5580000)
  object space 68608K, 49% used [0x0000000080000000,0x0000000082176ab0,0x0000000084300000)
 Metaspace       used 46903K, committed 48128K, reserved 1114112K
  class space    used 5116K, committed 5632K, reserved 1048576K
}
Event: 6.152 GC heap after
{Heap after GC invocations=23 (full 2):
 PSYoungGen      total 17920K, used 416K [0x00000000d5580000, 0x00000000d6c00000, 0x0000000100000000)
  eden space 17408K, 0% used [0x00000000d5580000,0x00000000d5580000,0x00000000d6680000)
  from space 512K, 81% used [0x00000000d6a80000,0x00000000d6ae8000,0x00000000d6b00000)
  to   space 1024K, 0% used [0x00000000d6b00000,0x00000000d6b00000,0x00000000d6c00000)
 ParOldGen       total 68608K, used 34746K [0x0000000080000000, 0x0000000084300000, 0x00000000d5580000)
  object space 68608K, 50% used [0x0000000080000000,0x00000000821eea88,0x0000000084300000)
 Metaspace       used 46903K, committed 48128K, reserved 1114112K
  class space    used 5116K, committed 5632K, reserved 1048576K
}
Event: 7.255 GC heap before
{Heap before GC invocations=24 (full 2):
 PSYoungGen      total 17920K, used 17824K [0x00000000d5580000, 0x00000000d6c00000, 0x0000000100000000)
  eden space 17408K, 100% used [0x00000000d5580000,0x00000000d6680000,0x00000000d6680000)
  from space 512K, 81% used [0x00000000d6a80000,0x00000000d6ae8000,0x00000000d6b00000)
  to   space 1024K, 0% used [0x00000000d6b00000,0x00000000d6b00000,0x00000000d6c00000)
 ParOldGen       total 68608K, used 34746K [0x0000000080000000, 0x0000000084300000, 0x00000000d5580000)
  object space 68608K, 50% used [0x0000000080000000,0x00000000821eea88,0x0000000084300000)
 Metaspace       used 47855K, committed 49152K, reserved 1114112K
  class space    used 5227K, committed 5760K, reserved 1048576K
}
Event: 7.257 GC heap after
{Heap after GC invocations=24 (full 2):
 PSYoungGen      total 18432K, used 984K [0x00000000d5580000, 0x00000000d6c00000, 0x0000000100000000)
  eden space 17408K, 0% used [0x00000000d5580000,0x00000000d5580000,0x00000000d6680000)
  from space 1024K, 96% used [0x00000000d6b00000,0x00000000d6bf61a8,0x00000000d6c00000)
  to   space 1536K, 0% used [0x00000000d6900000,0x00000000d6900000,0x00000000d6a80000)
 ParOldGen       total 68608K, used 34922K [0x0000000080000000, 0x0000000084300000, 0x00000000d5580000)
  object space 68608K, 50% used [0x0000000080000000,0x000000008221aa88,0x0000000084300000)
 Metaspace       used 47855K, committed 49152K, reserved 1114112K
  class space    used 5227K, committed 5760K, reserved 1048576K
}
Event: 7.506 GC heap before
{Heap before GC invocations=25 (full 2):
 PSYoungGen      total 18432K, used 18392K [0x00000000d5580000, 0x00000000d6c00000, 0x0000000100000000)
  eden space 17408K, 100% used [0x00000000d5580000,0x00000000d6680000,0x00000000d6680000)
  from space 1024K, 96% used [0x00000000d6b00000,0x00000000d6bf61a8,0x00000000d6c00000)
  to   space 1536K, 0% used [0x00000000d6900000,0x00000000d6900000,0x00000000d6a80000)
 ParOldGen       total 68608K, used 34922K [0x0000000080000000, 0x0000000084300000, 0x00000000d5580000)
  object space 68608K, 50% used [0x0000000080000000,0x000000008221aa88,0x0000000084300000)
 Metaspace       used 48972K, committed 50368K, reserved 1114112K
  class space    used 5316K, committed 5952K, reserved 1048576K
}
Event: 7.508 GC heap after
{Heap after GC invocations=25 (full 2):
 PSYoungGen      total 18944K, used 1504K [0x00000000d5580000, 0x00000000d6c80000, 0x0000000100000000)
  eden space 17408K, 0% used [0x00000000d5580000,0x00000000d5580000,0x00000000d6680000)
  from space 1536K, 97% used [0x00000000d6900000,0x00000000d6a78030,0x00000000d6a80000)
  to   space 2048K, 0% used [0x00000000d6a80000,0x00000000d6a80000,0x00000000d6c80000)
 ParOldGen       total 68608K, used 35900K [0x0000000080000000, 0x0000000084300000, 0x00000000d5580000)
  object space 68608K, 52% used [0x0000000080000000,0x000000008230f358,0x0000000084300000)
 Metaspace       used 48972K, committed 50368K, reserved 1114112K
  class space    used 5316K, committed 5952K, reserved 1048576K
}
Event: 7.570 GC heap before
{Heap before GC invocations=26 (full 2):
 PSYoungGen      total 18944K, used 18912K [0x00000000d5580000, 0x00000000d6c80000, 0x0000000100000000)
  eden space 17408K, 99% used [0x00000000d5580000,0x00000000d667ffd8,0x00000000d6680000)
  from space 1536K, 97% used [0x00000000d6900000,0x00000000d6a78030,0x00000000d6a80000)
  to   space 2048K, 0% used [0x00000000d6a80000,0x00000000d6a80000,0x00000000d6c80000)
 ParOldGen       total 68608K, used 35900K [0x0000000080000000, 0x0000000084300000, 0x00000000d5580000)
  object space 68608K, 52% used [0x0000000080000000,0x000000008230f358,0x0000000084300000)
 Metaspace       used 49165K, committed 50496K, reserved 1114112K
  class space    used 5346K, committed 5952K, reserved 1048576K
}
Event: 7.572 GC heap after
{Heap after GC invocations=26 (full 2):
 PSYoungGen      total 19456K, used 2033K [0x00000000d5580000, 0x00000000d6e80000, 0x0000000100000000)
  eden space 17408K, 0% used [0x00000000d5580000,0x00000000d5580000,0x00000000d6680000)
  from space 2048K, 99% used [0x00000000d6a80000,0x00000000d6c7c410,0x00000000d6c80000)
  to   space 4096K, 0% used [0x00000000d6680000,0x00000000d6680000,0x00000000d6a80000)
 ParOldGen       total 68608K, used 37318K [0x0000000080000000, 0x0000000084300000, 0x00000000d5580000)
  object space 68608K, 54% used [0x0000000080000000,0x0000000082471b90,0x0000000084300000)
 Metaspace       used 49165K, committed 50496K, reserved 1114112K
  class space    used 5346K, committed 5952K, reserved 1048576K
}
Event: 7.617 GC heap before
{Heap before GC invocations=27 (full 2):
 PSYoungGen      total 19456K, used 19441K [0x00000000d5580000, 0x00000000d6e80000, 0x0000000100000000)
  eden space 17408K, 100% used [0x00000000d5580000,0x00000000d6680000,0x00000000d6680000)
  from space 2048K, 99% used [0x00000000d6a80000,0x00000000d6c7c410,0x00000000d6c80000)
  to   space 4096K, 0% used [0x00000000d6680000,0x00000000d6680000,0x00000000d6a80000)
 ParOldGen       total 68608K, used 37318K [0x0000000080000000, 0x0000000084300000, 0x00000000d5580000)
  object space 68608K, 54% used [0x0000000080000000,0x0000000082471b90,0x0000000084300000)
 Metaspace       used 49358K, committed 50752K, reserved 1114112K
  class space    used 5375K, committed 6016K, reserved 1048576K
}
Event: 7.619 GC heap after
{Heap after GC invocations=27 (full 2):
 PSYoungGen      total 19968K, used 2080K [0x00000000d5580000, 0x00000000d6c80000, 0x0000000100000000)
  eden space 17408K, 0% used [0x00000000d5580000,0x00000000d5580000,0x00000000d6680000)
  from space 2560K, 81% used [0x00000000d6680000,0x00000000d6888040,0x00000000d6900000)
  to   space 3072K, 0% used [0x00000000d6980000,0x00000000d6980000,0x00000000d6c80000)
 ParOldGen       total 68608K, used 39247K [0x0000000080000000, 0x0000000084300000, 0x00000000d5580000)
  object space 68608K, 57% used [0x0000000080000000,0x0000000082653f90,0x0000000084300000)
 Metaspace       used 49358K, committed 50752K, reserved 1114112K
  class space    used 5375K, committed 6016K, reserved 1048576K
}
Event: 7.653 GC heap before
{Heap before GC invocations=28 (full 2):
 PSYoungGen      total 19968K, used 19488K [0x00000000d5580000, 0x00000000d6c80000, 0x0000000100000000)
  eden space 17408K, 100% used [0x00000000d5580000,0x00000000d6680000,0x00000000d6680000)
  from space 2560K, 81% used [0x00000000d6680000,0x00000000d6888040,0x00000000d6900000)
  to   space 3072K, 0% used [0x00000000d6980000,0x00000000d6980000,0x00000000d6c80000)
 ParOldGen       total 68608K, used 39247K [0x0000000080000000, 0x0000000084300000, 0x00000000d5580000)
  object space 68608K, 57% used [0x0000000080000000,0x0000000082653f90,0x0000000084300000)
 Metaspace       used 49373K, committed 50752K, reserved 1114112K
  class space    used 5375K, committed 6016K, reserved 1048576K
}
Event: 7.655 GC heap after
{Heap after GC invocations=28 (full 2):
 PSYoungGen      total 19968K, used 2114K [0x00000000d5580000, 0x00000000d6c00000, 0x0000000100000000)
  eden space 17408K, 0% used [0x00000000d5580000,0x00000000d5580000,0x00000000d6680000)
  from space 2560K, 82% used [0x00000000d6980000,0x00000000d6b90800,0x00000000d6c00000)
  to   space 2560K, 0% used [0x00000000d6680000,0x00000000d6680000,0x00000000d6900000)
 ParOldGen       total 68608K, used 41134K [0x0000000080000000, 0x0000000084300000, 0x00000000d5580000)
  object space 68608K, 59% used [0x0000000080000000,0x000000008282b970,0x0000000084300000)
 Metaspace       used 49373K, committed 50752K, reserved 1114112K
  class space    used 5375K, committed 6016K, reserved 1048576K
}
Event: 7.690 GC heap before
{Heap before GC invocations=29 (full 2):
 PSYoungGen      total 19968K, used 19522K [0x00000000d5580000, 0x00000000d6c00000, 0x0000000100000000)
  eden space 17408K, 100% used [0x00000000d5580000,0x00000000d6680000,0x00000000d6680000)
  from space 2560K, 82% used [0x00000000d6980000,0x00000000d6b90800,0x00000000d6c00000)
  to   space 2560K, 0% used [0x00000000d6680000,0x00000000d6680000,0x00000000d6900000)
 ParOldGen       total 68608K, used 41134K [0x0000000080000000, 0x0000000084300000, 0x00000000d5580000)
  object space 68608K, 59% used [0x0000000080000000,0x000000008282b970,0x0000000084300000)
 Metaspace       used 49393K, committed 50816K, reserved 1114112K
  class space    used 5376K, committed 6016K, reserved 1048576K
}
Event: 7.693 GC heap after
{Heap after GC invocations=29 (full 2):
 PSYoungGen      total 19968K, used 2116K [0x00000000d5580000, 0x00000000d6b80000, 0x0000000100000000)
  eden space 17408K, 0% used [0x00000000d5580000,0x00000000d5580000,0x00000000d6680000)
  from space 2560K, 82% used [0x00000000d6680000,0x00000000d6891000,0x00000000d6900000)
  to   space 2560K, 0% used [0x00000000d6900000,0x00000000d6900000,0x00000000d6b80000)
 ParOldGen       total 68608K, used 42979K [0x0000000080000000, 0x0000000084300000, 0x00000000d5580000)
  object space 68608K, 62% used [0x0000000080000000,0x00000000829f8cd0,0x0000000084300000)
 Metaspace       used 49393K, committed 50816K, reserved 1114112K
  class space    used 5376K, committed 6016K, reserved 1048576K
}
Event: 7.747 GC heap before
{Heap before GC invocations=30 (full 2):
 PSYoungGen      total 19968K, used 19524K [0x00000000d5580000, 0x00000000d6b80000, 0x0000000100000000)
  eden space 17408K, 100% used [0x00000000d5580000,0x00000000d6680000,0x00000000d6680000)
  from space 2560K, 82% used [0x00000000d6680000,0x00000000d6891000,0x00000000d6900000)
  to   space 2560K, 0% used [0x00000000d6900000,0x00000000d6900000,0x00000000d6b80000)
 ParOldGen       total 68608K, used 42979K [0x0000000080000000, 0x0000000084300000, 0x00000000d5580000)
  object space 68608K, 62% used [0x0000000080000000,0x00000000829f8cd0,0x0000000084300000)
 Metaspace       used 49421K, committed 50816K, reserved 1114112K
  class space    used 5376K, committed 6016K, reserved 1048576K
}
Event: 7.750 GC heap after
{Heap after GC invocations=30 (full 2):
 PSYoungGen      total 19968K, used 2016K [0x00000000d5580000, 0x00000000d6b80000, 0x0000000100000000)
  eden space 17408K, 0% used [0x00000000d5580000,0x00000000d5580000,0x00000000d6680000)
  from space 2560K, 78% used [0x00000000d6900000,0x00000000d6af8010,0x00000000d6b80000)
  to   space 2560K, 0% used [0x00000000d6680000,0x00000000d6680000,0x00000000d6900000)
 ParOldGen       total 68608K, used 44910K [0x0000000080000000, 0x0000000084300000, 0x00000000d5580000)
  object space 68608K, 65% used [0x0000000080000000,0x0000000082bdb820,0x0000000084300000)
 Metaspace       used 49421K, committed 50816K, reserved 1114112K
  class space    used 5376K, committed 6016K, reserved 1048576K
}
Event: 7.798 GC heap before
{Heap before GC invocations=31 (full 2):
 PSYoungGen      total 19968K, used 19424K [0x00000000d5580000, 0x00000000d6b80000, 0x0000000100000000)
  eden space 17408K, 100% used [0x00000000d5580000,0x00000000d6680000,0x00000000d6680000)
  from space 2560K, 78% used [0x00000000d6900000,0x00000000d6af8010,0x00000000d6b80000)
  to   space 2560K, 0% used [0x00000000d6680000,0x00000000d6680000,0x00000000d6900000)
 ParOldGen       total 68608K, used 44910K [0x0000000080000000, 0x0000000084300000, 0x00000000d5580000)
  object space 68608K, 65% used [0x0000000080000000,0x0000000082bdb820,0x0000000084300000)
 Metaspace       used 49470K, committed 50816K, reserved 1114112K
  class space    used 5376K, committed 6016K, reserved 1048576K
}
Event: 7.801 GC heap after
{Heap after GC invocations=31 (full 2):
 PSYoungGen      total 19456K, used 1848K [0x00000000d5580000, 0x00000000d6a80000, 0x0000000100000000)
  eden space 17408K, 0% used [0x00000000d5580000,0x00000000d5580000,0x00000000d6680000)
  from space 2048K, 90% used [0x00000000d6680000,0x00000000d684e200,0x00000000d6880000)
  to   space 2048K, 0% used [0x00000000d6880000,0x00000000d6880000,0x00000000d6a80000)
 ParOldGen       total 68608K, used 46878K [0x0000000080000000, 0x0000000084300000, 0x00000000d5580000)
  object space 68608K, 68% used [0x0000000080000000,0x0000000082dc7830,0x0000000084300000)
 Metaspace       used 49470K, committed 50816K, reserved 1114112K
  class space    used 5376K, committed 6016K, reserved 1048576K
}

